<?xml version="1.0" encoding="UTF-8"?>
<!-- Generated by org.testng.reporters.JUnitReportReporter -->
<testsuite hostname="LAPTOP-O8DR0F05" failures="0" tests="1" name="com.qa.gittestcases.Registrationpagetest" time="19.639" errors="0" timestamp="2020-10-16T23:51:18 IST" skipped="0">
  <testcase classname="com.qa.gittestcases.Registrationpagetest" name="Registration" time="19.639"/>
  <system-out/>
</testsuite> <!-- com.qa.gittestcases.Registrationpagetest -->
