<?xml version="1.0" encoding="UTF-8"?>
<!-- Generated by org.testng.reporters.JUnitReportReporter -->
<testsuite hostname="LAPTOP-O8DR0F05" failures="0" tests="2" name="com.qa.gittestcases.Logintest" time="41.832" errors="0" timestamp="2020-10-17T17:28:50 IST" skipped="0">
  <testcase classname="com.qa.gittestcases.Logintest" name="loginwithemail" time="21.606"/>
  <system-out/>
  <testcase classname="com.qa.gittestcases.Logintest" name="logintest" time="20.226"/>
  <system-out/>
</testsuite> <!-- com.qa.gittestcases.Logintest -->
