<?xml version="1.0" encoding="UTF-8"?>
<!-- Generated by org.testng.reporters.JUnitReportReporter -->
<testsuite hostname="LAPTOP-O8DR0F05" failures="0" tests="1" name="com.qa.gittestcases.createnewprojecttesting" time="28.921" errors="0" timestamp="2020-10-17T17:36:32 IST" skipped="0">
  <testcase classname="com.qa.gittestcases.createnewprojecttesting" name="newProject" time="28.921"/>
  <system-out/>
</testsuite> <!-- com.qa.gittestcases.createnewprojecttesting -->
